<?xml version="1.0" encoding="UTF-8"?>
<!-- Generated by org.testng.reporters.JUnitXMLReporter -->
<testsuite hostname="DESKTOP-NDPJGFV" ignored="0" name="Default test" tests="2" failures="0" timestamp="10 Apr 2020 14:14:37 GMT" time="41.113" errors="0">
  <testcase name="submitValidForm" time="1.47" classname="com.juicePlusTest.TS.ValidCompleteForm_TC"/>
  <testcase name="verifyValidSuccessMsg" time="4.351" classname="com.juicePlusTest.TS.ValidCompleteForm_TC"/>
</testsuite> <!-- Default test -->
